0 info it worked if it ends with ok
1 verbose cli [ '/usr/local/bin/node',
1 verbose cli   '/usr/local/bin/npm',
1 verbose cli   'i',
1 verbose cli   '-g',
1 verbose cli   'postcss' ]
2 info using npm@2.14.12
3 info using node@v4.2.6
4 verbose install initial load of /usr/local/lib/package.json
5 verbose readDependencies loading dependencies from /usr/local/lib/package.json
6 silly cache add args [ 'postcss', null ]
7 verbose cache add spec postcss
8 silly cache add parsed spec Result {
8 silly cache add   raw: 'postcss',
8 silly cache add   scope: null,
8 silly cache add   name: 'postcss',
8 silly cache add   rawSpec: '',
8 silly cache add   spec: 'latest',
8 silly cache add   type: 'tag' }
9 silly addNamed postcss@latest
10 verbose addNamed "latest" is being treated as a dist-tag for postcss
11 info addNameTag [ 'postcss', 'latest' ]
12 silly mapToRegistry name postcss
13 silly mapToRegistry using default registry
14 silly mapToRegistry registry https://registry.npmjs.org/
15 silly mapToRegistry uri https://registry.npmjs.org/postcss
16 verbose addNameTag registry:https://registry.npmjs.org/postcss not in flight; fetching
17 verbose request uri https://registry.npmjs.org/postcss
18 verbose request no auth needed
19 info attempt registry request try #1 at 11:09:37 PM
20 verbose request id 5875c6faeeab418f
21 verbose etag "AHWFXJL49V0EFKTBVQBROS988"
22 http request GET https://registry.npmjs.org/postcss
23 http 304 https://registry.npmjs.org/postcss
24 verbose headers { date: 'Tue, 12 Apr 2016 20:09:38 GMT',
24 verbose headers   via: '1.1 varnish',
24 verbose headers   'cache-control': 'max-age=300',
24 verbose headers   etag: '"AHWFXJL49V0EFKTBVQBROS988"',
24 verbose headers   age: '206',
24 verbose headers   connection: 'keep-alive',
24 verbose headers   'x-served-by': 'cache-fra1222-FRA',
24 verbose headers   'x-cache': 'HIT',
24 verbose headers   'x-cache-hits': '1',
24 verbose headers   'x-timer': 'S1460491778.357257,VS0,VE0',
24 verbose headers   vary: 'Accept-Encoding' }
25 silly get cb [ 304,
25 silly get   { date: 'Tue, 12 Apr 2016 20:09:38 GMT',
25 silly get     via: '1.1 varnish',
25 silly get     'cache-control': 'max-age=300',
25 silly get     etag: '"AHWFXJL49V0EFKTBVQBROS988"',
25 silly get     age: '206',
25 silly get     connection: 'keep-alive',
25 silly get     'x-served-by': 'cache-fra1222-FRA',
25 silly get     'x-cache': 'HIT',
25 silly get     'x-cache-hits': '1',
25 silly get     'x-timer': 'S1460491778.357257,VS0,VE0',
25 silly get     vary: 'Accept-Encoding' } ]
26 verbose etag https://registry.npmjs.org/postcss from cache
27 verbose get saving postcss to /home/bogdan/.npm/registry.npmjs.org/postcss/.cache.json
28 silly addNameTag next cb for postcss with tag latest
29 silly addNamed postcss@5.0.19
30 verbose addNamed "5.0.19" is a plain semver version for postcss
31 silly cache afterAdd postcss@5.0.19
32 verbose afterAdd /home/bogdan/.npm/postcss/5.0.19/package/package.json not in flight; writing
33 verbose afterAdd /home/bogdan/.npm/postcss/5.0.19/package/package.json written
34 silly install resolved [ { name: 'postcss',
34 silly install resolved     version: '5.0.19',
34 silly install resolved     description: 'Tool for transforming styles with JS plugins',
34 silly install resolved     typings: 'd.ts/postcss.d.ts',
34 silly install resolved     engines: { node: '>=0.12' },
34 silly install resolved     keywords:
34 silly install resolved      [ 'css',
34 silly install resolved        'postcss',
34 silly install resolved        'rework',
34 silly install resolved        'preprocessor',
34 silly install resolved        'parser',
34 silly install resolved        'source map',
34 silly install resolved        'transform',
34 silly install resolved        'manipulation',
34 silly install resolved        'transpiler' ],
34 silly install resolved     author: { name: 'Andrey Sitnik', email: 'andrey@sitnik.ru' },
34 silly install resolved     license: 'MIT',
34 silly install resolved     homepage: 'http://postcss.org/',
34 silly install resolved     repository:
34 silly install resolved      { type: 'git',
34 silly install resolved        url: 'git+https://github.com/postcss/postcss.git' },
34 silly install resolved     dependencies:
34 silly install resolved      { 'supports-color': '^3.1.2',
34 silly install resolved        'source-map': '^0.5.1',
34 silly install resolved        'js-base64': '^2.1.9' },
34 silly install resolved     devDependencies:
34 silly install resolved      { 'concat-with-sourcemaps': '1.0.4',
34 silly install resolved        'eslint-config-postcss': '2.0.0',
34 silly install resolved        'postcss-parser-tests': '5.0.6',
34 silly install resolved        'gulp-json-editor': '2.2.1',
34 silly install resolved        'gulp-istanbul': '0.10.3',
34 silly install resolved        'run-sequence': '1.1.5',
34 silly install resolved        'babel-eslint': '5.0.0',
34 silly install resolved        'gulp-eslint': '2.0.0',
34 silly install resolved        'gulp-mocha': '2.2.0',
34 silly install resolved        'gulp-babel': '6.1.2',
34 silly install resolved        'strip-ansi': '3.0.1',
34 silly install resolved        'gulp-shell': '0.5.2',
34 silly install resolved        yaspeller: '2.6.0',
34 silly install resolved        'fs-extra': '0.26.5',
34 silly install resolved        isparta: '4.0.0',
34 silly install resolved        eslint: '2.2.0',
34 silly install resolved        sinon: '1.17.3',
34 silly install resolved        mocha: '2.4.5',
34 silly install resolved        gulp: '3.9.1',
34 silly install resolved        chai: '3.5.0',
34 silly install resolved        del: '2.2.0',
34 silly install resolved        'babel-plugin-precompile-charcodes': '1.0.0',
34 silly install resolved        'babel-plugin-add-module-exports': '0.1.2',
34 silly install resolved        'babel-preset-es2015-loose': '7.0.0',
34 silly install resolved        'babel-preset-stage-0': '6.5.0',
34 silly install resolved        'babel-preset-es2015': '6.6.0',
34 silly install resolved        'babel-core': '6.6.0' },
34 silly install resolved     scripts: { test: 'gulp' },
34 silly install resolved     main: 'lib/postcss',
34 silly install resolved     bugs: { url: 'https://github.com/postcss/postcss/issues' },
34 silly install resolved     _id: 'postcss@5.0.19',
34 silly install resolved     _shasum: 'b6342a01dc75b8cab7e968afda96aefc67f888af',
34 silly install resolved     _from: 'postcss@latest',
34 silly install resolved     _npmVersion: '3.6.0',
34 silly install resolved     _nodeVersion: '5.7.0',
34 silly install resolved     _npmUser: { name: 'ai', email: 'andrey@sitnik.ru' },
34 silly install resolved     dist:
34 silly install resolved      { shasum: 'b6342a01dc75b8cab7e968afda96aefc67f888af',
34 silly install resolved        tarball: 'https://registry.npmjs.org/postcss/-/postcss-5.0.19.tgz' },
34 silly install resolved     maintainers: [ [Object], [Object] ],
34 silly install resolved     _npmOperationalInternal:
34 silly install resolved      { host: 'packages-12-west.internal.npmjs.com',
34 silly install resolved        tmp: 'tmp/postcss-5.0.19.tgz_1456944711334_0.9646348436363041' },
34 silly install resolved     directories: {},
34 silly install resolved     _resolved: 'https://registry.npmjs.org/postcss/-/postcss-5.0.19.tgz',
34 silly install resolved     readme: 'ERROR: No README data found!' } ]
35 info install postcss@5.0.19 into /usr/local/lib
36 info installOne postcss@5.0.19
37 verbose installOne of postcss to /usr/local/lib not in flight; installing
38 verbose lock using /home/bogdan/.npm/_locks/postcss-4dc32d1d0575231c.lock for /usr/local/lib/node_modules/postcss
39 silly install write writing postcss 5.0.19 to /usr/local/lib/node_modules/postcss
40 verbose unbuild lib/node_modules/postcss
41 silly gentlyRm /usr/local/lib/node_modules/postcss is being purged from base /usr/local
42 verbose gentlyRm don't care about contents; nuking /usr/local/lib/node_modules/postcss
43 verbose tar unpack /home/bogdan/.npm/postcss/5.0.19/package.tgz
44 verbose tar unpacking to /usr/local/lib/node_modules/postcss
45 silly gentlyRm /usr/local/lib/node_modules/postcss is being purged
46 verbose gentlyRm don't care about contents; nuking /usr/local/lib/node_modules/postcss
47 silly gunzTarPerm modes [ '775', '664' ]
48 error tar.unpack untar error /home/bogdan/.npm/postcss/5.0.19/package.tgz
49 verbose unlock done using /home/bogdan/.npm/_locks/postcss-4dc32d1d0575231c.lock for /usr/local/lib/node_modules/postcss
50 verbose fstream_path /usr/local/lib/node_modules/postcss
51 verbose fstream_type Directory
52 verbose fstream_class DirWriter
53 verbose stack Error: EACCES: permission denied, mkdir '/usr/local/lib/node_modules/postcss'
53 verbose stack     at Error (native)
54 verbose fstream_stack /usr/local/lib/node_modules/npm/node_modules/fstream/lib/dir-writer.js:35:25
54 verbose fstream_stack /usr/local/lib/node_modules/npm/node_modules/mkdirp/index.js:47:53
54 verbose fstream_stack FSReqWrap.oncomplete (fs.js:82:15)
55 verbose cwd /home/bogdan/myprojects/railscms
56 error Linux 3.19.0-58-generic
57 error argv "/usr/local/bin/node" "/usr/local/bin/npm" "i" "-g" "postcss"
58 error node v4.2.6
59 error npm  v2.14.12
60 error path /usr/local/lib/node_modules/postcss
61 error code EACCES
62 error errno -13
63 error syscall mkdir
64 error Error: EACCES: permission denied, mkdir '/usr/local/lib/node_modules/postcss'
64 error     at Error (native)
64 error  { [Error: EACCES: permission denied, mkdir '/usr/local/lib/node_modules/postcss']
64 error   errno: -13,
64 error   code: 'EACCES',
64 error   syscall: 'mkdir',
64 error   path: '/usr/local/lib/node_modules/postcss',
64 error   fstream_type: 'Directory',
64 error   fstream_path: '/usr/local/lib/node_modules/postcss',
64 error   fstream_class: 'DirWriter',
64 error   fstream_stack:
64 error    [ '/usr/local/lib/node_modules/npm/node_modules/fstream/lib/dir-writer.js:35:25',
64 error      '/usr/local/lib/node_modules/npm/node_modules/mkdirp/index.js:47:53',
64 error      'FSReqWrap.oncomplete (fs.js:82:15)' ] }
65 error Please try running this command again as root/Administrator.
66 verbose exit [ -13, true ]
67 verbose unbuild lib/node_modules/postcss
68 silly gentlyRm /usr/local/lib/node_modules/postcss is being purged from base /usr/local
69 verbose gentlyRm don't care about contents; nuking /usr/local/lib/node_modules/postcss
